C:\USERS\CSPCLAB\DESKTOP\[고소실_5주차실습]3반_20121635_장종석\GOSOSIL5\DEBUG\MAIN.OBJ
C:\USERS\CSPCLAB\DESKTOP\[고소실_5주차실습]3반_20121635_장종석\GOSOSIL5\DEBUG\PROGRAM2_2.OBJ
C:\USERS\CSPCLAB\DESKTOP\[고소실_5주차실습]3반_20121635_장종석\GOSOSIL5\DEBUG\PROGRAM2_3.OBJ
C:\USERS\CSPCLAB\DESKTOP\[고소실_5주차실습]3반_20121635_장종석\GOSOSIL5\DEBUG\PROGRAM2_1.OBJ
C:\USERS\CSPCLAB\DESKTOP\[고소실_5주차실습]3반_20121635_장종석\GOSOSIL5\DEBUG\VC110.PDB
C:\USERS\CSPCLAB\DESKTOP\[고소실_5주차실습]3반_20121635_장종석\DEBUG\GOSOSIL5.ILK
C:\USERS\CSPCLAB\DESKTOP\[고소실_5주차실습]3반_20121635_장종석\DEBUG\GOSOSIL5.EXE
C:\USERS\CSPCLAB\DESKTOP\[고소실_5주차실습]3반_20121635_장종석\DEBUG\GOSOSIL5.PDB
C:\Users\cspclab\Desktop\[고소실_5주차과제]3반_20121635_장종석\gososil5\Debug\main.obj
C:\Users\cspclab\Desktop\[고소실_5주차과제]3반_20121635_장종석\gososil5\Debug\program2_1.obj
C:\Users\cspclab\Desktop\[고소실_5주차과제]3반_20121635_장종석\gososil5\Debug\program2_2.obj
C:\Users\cspclab\Desktop\[고소실_5주차과제]3반_20121635_장종석\gososil5\Debug\program2_3.obj
C:\Users\cspclab\Desktop\[고소실_5주차과제]3반_20121635_장종석\gososil5\Debug\cl.command.1.tlog
C:\Users\cspclab\Desktop\[고소실_5주차과제]3반_20121635_장종석\gososil5\Debug\CL.read.1.tlog
C:\Users\cspclab\Desktop\[고소실_5주차과제]3반_20121635_장종석\gososil5\Debug\CL.write.1.tlog
C:\Users\cspclab\Desktop\[고소실_5주차과제]3반_20121635_장종석\gososil5\Debug\link-cvtres.read.1.tlog
C:\Users\cspclab\Desktop\[고소실_5주차과제]3반_20121635_장종석\gososil5\Debug\link-cvtres.write.1.tlog
C:\Users\cspclab\Desktop\[고소실_5주차과제]3반_20121635_장종석\gososil5\Debug\link-rc.read.1.tlog
C:\Users\cspclab\Desktop\[고소실_5주차과제]3반_20121635_장종석\gososil5\Debug\link-rc.write.1.tlog
C:\Users\cspclab\Desktop\[고소실_5주차과제]3반_20121635_장종석\gososil5\Debug\link.7652-cvtres.read.1.tlog
C:\Users\cspclab\Desktop\[고소실_5주차과제]3반_20121635_장종석\gososil5\Debug\link.7652-cvtres.write.1.tlog
C:\Users\cspclab\Desktop\[고소실_5주차과제]3반_20121635_장종석\gososil5\Debug\link.7652-rc.read.1.tlog
C:\Users\cspclab\Desktop\[고소실_5주차과제]3반_20121635_장종석\gososil5\Debug\link.7652-rc.write.1.tlog
C:\Users\cspclab\Desktop\[고소실_5주차과제]3반_20121635_장종석\gososil5\Debug\link.7652.read.1.tlog
C:\Users\cspclab\Desktop\[고소실_5주차과제]3반_20121635_장종석\gososil5\Debug\link.7652.write.1.tlog
C:\Users\cspclab\Desktop\[고소실_5주차과제]3반_20121635_장종석\gososil5\Debug\link.command.1.tlog
C:\Users\cspclab\Desktop\[고소실_5주차과제]3반_20121635_장종석\gososil5\Debug\link.read.1.tlog
C:\Users\cspclab\Desktop\[고소실_5주차과제]3반_20121635_장종석\gososil5\Debug\link.write.1.tlog
C:\Users\cspclab\Desktop\[고소실_5주차과제]3반_20121635_장종석\gososil5\Debug\vc110.idb
C:\Users\cspclab\Desktop\[고소실_5주차과제]3반_20121635_장종석\gososil5\Debug\vc110.pdb
C:\Users\cspclab\Desktop\[고소실_5주차과제]3반_20121635_장종석\Debug\gososil5.pdb
C:\Users\cspclab\Desktop\[고소실_5주차과제]3반_20121635_장종석\Debug\gososil5.exe
C:\Users\cspclab\Desktop\[고소실_5주차과제]3반_20121635_장종석\Debug\gososil5.ilk
