C:\USERS\CSPCLAB\DESKTOP\GOSOSIL5-STUDENT[1]\GOSOSIL5\DEBUG\MAIN.OBJ
C:\USERS\CSPCLAB\DESKTOP\GOSOSIL5-STUDENT[1]\GOSOSIL5\DEBUG\PROGRAM2_1.OBJ
C:\USERS\CSPCLAB\DESKTOP\GOSOSIL5-STUDENT[1]\GOSOSIL5\DEBUG\PROGRAM2_2.OBJ
C:\USERS\CSPCLAB\DESKTOP\GOSOSIL5-STUDENT[1]\GOSOSIL5\DEBUG\PROGRAM2_3.OBJ
C:\USERS\CSPCLAB\DESKTOP\GOSOSIL5-STUDENT[1]\GOSOSIL5\DEBUG\VC110.PDB
C:\USERS\CSPCLAB\DESKTOP\GOSOSIL5-STUDENT[1]\DEBUG\GOSOSIL5.ILK
C:\USERS\CSPCLAB\DESKTOP\GOSOSIL5-STUDENT[1]\DEBUG\GOSOSIL5.EXE
C:\USERS\CSPCLAB\DESKTOP\GOSOSIL5-STUDENT[1]\DEBUG\GOSOSIL5.PDB
C:\Users\cspclab\Desktop\gososil5-student[1]\gososil5\Debug\main.obj
C:\Users\cspclab\Desktop\gososil5-student[1]\gososil5\Debug\program2_1.obj
C:\Users\cspclab\Desktop\gososil5-student[1]\gososil5\Debug\program2_2.obj
C:\Users\cspclab\Desktop\gososil5-student[1]\gososil5\Debug\program2_3.obj
C:\Users\cspclab\Desktop\gososil5-student[1]\gososil5\Debug\cl.command.1.tlog
C:\Users\cspclab\Desktop\gososil5-student[1]\gososil5\Debug\CL.read.1.tlog
C:\Users\cspclab\Desktop\gososil5-student[1]\gososil5\Debug\CL.write.1.tlog
C:\Users\cspclab\Desktop\gososil5-student[1]\gososil5\Debug\link-cvtres.read.1.tlog
C:\Users\cspclab\Desktop\gososil5-student[1]\gososil5\Debug\link-cvtres.write.1.tlog
C:\Users\cspclab\Desktop\gososil5-student[1]\gososil5\Debug\link-rc.read.1.tlog
C:\Users\cspclab\Desktop\gososil5-student[1]\gososil5\Debug\link-rc.write.1.tlog
C:\Users\cspclab\Desktop\gososil5-student[1]\gososil5\Debug\link.command.1.tlog
C:\Users\cspclab\Desktop\gososil5-student[1]\gososil5\Debug\link.read.1.tlog
C:\Users\cspclab\Desktop\gososil5-student[1]\gososil5\Debug\link.write.1.tlog
C:\Users\cspclab\Desktop\gososil5-student[1]\gososil5\Debug\vc110.idb
C:\Users\cspclab\Desktop\gososil5-student[1]\gososil5\Debug\vc110.pdb
C:\Users\cspclab\Desktop\gososil5-student[1]\Debug\gososil5.pdb
C:\Users\cspclab\Desktop\gososil5-student[1]\Debug\gososil5.exe
C:\Users\cspclab\Desktop\gososil5-student[1]\Debug\gososil5.ilk
