C:\USERS\CSPCLAB\DESKTOP\고소실6\GOSODIL6_STUDENT[2]\GOSOSIL6\DEBUG\MAIN.OBJ
C:\USERS\CSPCLAB\DESKTOP\고소실6\GOSODIL6_STUDENT[2]\GOSOSIL6\DEBUG\PROGRAM3_1.OBJ
C:\USERS\CSPCLAB\DESKTOP\고소실6\GOSODIL6_STUDENT[2]\GOSOSIL6\DEBUG\PROGRAM3_2.OBJ
C:\USERS\CSPCLAB\DESKTOP\고소실6\GOSODIL6_STUDENT[2]\GOSOSIL6\DEBUG\PROGRAM3_3.OBJ
C:\USERS\CSPCLAB\DESKTOP\고소실6\GOSODIL6_STUDENT[2]\GOSOSIL6\DEBUG\PROGRAM3_4.OBJ
C:\USERS\CSPCLAB\DESKTOP\고소실6\GOSODIL6_STUDENT[2]\GOSOSIL6\DEBUG\PROGRAM3_5.OBJ
C:\USERS\CSPCLAB\DESKTOP\고소실6\GOSODIL6_STUDENT[2]\GOSOSIL6\DEBUG\PROGRAM3_6.OBJ
C:\USERS\CSPCLAB\DESKTOP\고소실6\GOSODIL6_STUDENT[2]\GOSOSIL6\DEBUG\PROGRAM3_7.OBJ
C:\USERS\CSPCLAB\DESKTOP\고소실6\GOSODIL6_STUDENT[2]\GOSOSIL6\DEBUG\PROGRAM3_8.OBJ
C:\USERS\CSPCLAB\DESKTOP\고소실6\GOSODIL6_STUDENT[2]\GOSOSIL6\DEBUG\PROGRAM3_9.OBJ
C:\USERS\CSPCLAB\DESKTOP\고소실6\GOSODIL6_STUDENT[2]\GOSOSIL6\DEBUG\VC110.PDB
C:\USERS\CSPCLAB\DESKTOP\고소실6\GOSODIL6_STUDENT[2]\DEBUG\GOSOSIL6.ILK
C:\USERS\CSPCLAB\DESKTOP\고소실6\GOSODIL6_STUDENT[2]\DEBUG\GOSOSIL6.EXE
C:\USERS\CSPCLAB\DESKTOP\고소실6\GOSODIL6_STUDENT[2]\DEBUG\GOSOSIL6.PDB
C:\Users\cspclab\Desktop\고소실6\gosodil6_student[2]\gososil6\Debug\main.obj
C:\Users\cspclab\Desktop\고소실6\gosodil6_student[2]\gososil6\Debug\program3_1.obj
C:\Users\cspclab\Desktop\고소실6\gosodil6_student[2]\gososil6\Debug\program3_2.obj
C:\Users\cspclab\Desktop\고소실6\gosodil6_student[2]\gososil6\Debug\program3_3.obj
C:\Users\cspclab\Desktop\고소실6\gosodil6_student[2]\gososil6\Debug\program3_4.obj
C:\Users\cspclab\Desktop\고소실6\gosodil6_student[2]\gososil6\Debug\program3_5.obj
C:\Users\cspclab\Desktop\고소실6\gosodil6_student[2]\gososil6\Debug\program3_6.obj
C:\Users\cspclab\Desktop\고소실6\gosodil6_student[2]\gososil6\Debug\program3_7.obj
C:\Users\cspclab\Desktop\고소실6\gosodil6_student[2]\gososil6\Debug\program3_8.obj
C:\Users\cspclab\Desktop\고소실6\gosodil6_student[2]\gososil6\Debug\program3_9.obj
C:\Users\cspclab\Desktop\고소실6\gosodil6_student[2]\gososil6\Debug\cl.command.1.tlog
C:\Users\cspclab\Desktop\고소실6\gosodil6_student[2]\gososil6\Debug\CL.read.1.tlog
C:\Users\cspclab\Desktop\고소실6\gosodil6_student[2]\gososil6\Debug\CL.write.1.tlog
C:\Users\cspclab\Desktop\고소실6\gosodil6_student[2]\gososil6\Debug\link-cvtres.read.1.tlog
C:\Users\cspclab\Desktop\고소실6\gosodil6_student[2]\gososil6\Debug\link-cvtres.write.1.tlog
C:\Users\cspclab\Desktop\고소실6\gosodil6_student[2]\gososil6\Debug\link-rc.read.1.tlog
C:\Users\cspclab\Desktop\고소실6\gosodil6_student[2]\gososil6\Debug\link-rc.write.1.tlog
C:\Users\cspclab\Desktop\고소실6\gosodil6_student[2]\gososil6\Debug\link.7860-cvtres.read.1.tlog
C:\Users\cspclab\Desktop\고소실6\gosodil6_student[2]\gososil6\Debug\link.7860-cvtres.write.1.tlog
C:\Users\cspclab\Desktop\고소실6\gosodil6_student[2]\gososil6\Debug\link.7860-rc.read.1.tlog
C:\Users\cspclab\Desktop\고소실6\gosodil6_student[2]\gososil6\Debug\link.7860-rc.write.1.tlog
C:\Users\cspclab\Desktop\고소실6\gosodil6_student[2]\gososil6\Debug\link.7860.read.1.tlog
C:\Users\cspclab\Desktop\고소실6\gosodil6_student[2]\gososil6\Debug\link.7860.write.1.tlog
C:\Users\cspclab\Desktop\고소실6\gosodil6_student[2]\gososil6\Debug\link.command.1.tlog
C:\Users\cspclab\Desktop\고소실6\gosodil6_student[2]\gososil6\Debug\link.read.1.tlog
C:\Users\cspclab\Desktop\고소실6\gosodil6_student[2]\gososil6\Debug\link.write.1.tlog
C:\Users\cspclab\Desktop\고소실6\gosodil6_student[2]\gososil6\Debug\vc110.idb
C:\Users\cspclab\Desktop\고소실6\gosodil6_student[2]\gososil6\Debug\vc110.pdb
C:\Users\cspclab\Desktop\고소실6\gosodil6_student[2]\Debug\gososil6.pdb
C:\Users\cspclab\Desktop\고소실6\gosodil6_student[2]\Debug\gososil6.exe
C:\Users\cspclab\Desktop\고소실6\gosodil6_student[2]\Debug\gososil6.ilk
